<?xml version="1.0" encoding="UTF-8"?>
<!-- Generated by org.testng.reporters.JUnitXMLReporter -->
<testsuite hostname="DESKTOP-4128O7R" ignored="0" name="Test" tests="4" failures="0" timestamp="16 Feb 2019 11:01:39 GMT" time="66.518" errors="0">
  <testcase name="openbrowser" time="2.967" classname="com.model.maven.Log44jmaven"/>
  <testcase name="enterurl" time="3.327" classname="com.model.maven.Log44jmaven"/>
  <testcase name="loginwithvalidds" time="56.279" classname="com.model.maven.Log44jmaven"/>
  <testcase name="loginwithinvalidds" time="2.026" classname="com.model.maven.Log44jmaven"/>
</testsuite> <!-- Test -->
